TN:
SF:src/clients/pet_client.js
FN:4,(anonymous_0)
FN:7,(anonymous_1)
FN:10,(anonymous_2)
FNF:3
FNH:1
FNDA:1,(anonymous_0)
FNDA:0,(anonymous_1)
FNDA:0,(anonymous_2)
DA:1,1
DA:3,1
DA:5,1
DA:8,0
DA:11,0
DA:15,1
LF:6
LH:4
BRF:0
BRH:0
end_of_record
TN:
SF:src/clients/user_client.js
FN:4,(anonymous_0)
FNF:1
FNH:1
FNDA:1,(anonymous_0)
DA:1,1
DA:3,1
DA:5,1
DA:9,1
DA:13,1
LF:5
LH:5
BRF:0
BRH:0
end_of_record
TN:
SF:src/patterns/builder.js
FN:1,(anonymous_0)
FN:4,(anonymous_1)
FN:9,(anonymous_2)
FN:14,(anonymous_3)
FN:19,Pet
FN:22,(anonymous_5)
FNF:6
FNH:5
FNDA:1,(anonymous_0)
FNDA:1,(anonymous_1)
FNDA:0,(anonymous_2)
FNDA:1,(anonymous_3)
FNDA:1,Pet
FNDA:1,(anonymous_5)
DA:1,1
DA:2,1
DA:4,1
DA:5,1
DA:6,1
DA:9,1
DA:10,0
DA:11,0
DA:14,1
DA:15,1
DA:20,1
DA:22,1
DA:23,1
DA:27,1
LF:14
LH:12
BRF:0
BRH:0
end_of_record
TN:
SF:src/patterns/factory.js
FN:1,(anonymous_0)
FN:3,(anonymous_1)
FN:19,(anonymous_2)
FN:22,(anonymous_3)
FN:28,(anonymous_4)
FNF:5
FNH:4
FNDA:1,(anonymous_0)
FNDA:2,(anonymous_1)
FNDA:1,(anonymous_2)
FNDA:0,(anonymous_3)
FNDA:1,(anonymous_4)
DA:1,1
DA:2,1
DA:6,2
DA:7,1
DA:8,1
DA:9,1
DA:12,2
DA:19,1
DA:20,1
DA:23,0
DA:28,1
DA:29,1
DA:34,1
LF:13
LH:12
BRDA:6,0,0,1
BRDA:6,0,1,1
BRDA:8,1,0,1
BRDA:8,1,1,0
BRF:4
BRH:3
end_of_record
TN:
SF:src/patterns/iterator.js
FN:1,(anonymous_0)
FN:7,(anonymous_1)
FN:11,(anonymous_2)
FN:14,(anonymous_3)
FN:17,(anonymous_4)
FN:20,(anonymous_5)
FNF:6
FNH:3
FNDA:1,(anonymous_0)
FNDA:0,(anonymous_1)
FNDA:0,(anonymous_2)
FNDA:2,(anonymous_3)
FNDA:1,(anonymous_4)
FNDA:0,(anonymous_5)
DA:1,1
DA:2,1
DA:3,1
DA:6,1
DA:8,0
DA:9,0
DA:12,0
DA:15,2
DA:18,1
DA:21,0
DA:25,1
LF:11
LH:7
BRF:0
BRH:0
end_of_record
TN:
SF:src/patterns/singletone.js
FN:1,(anonymous_0)
FN:5,(anonymous_1)
FN:11,(anonymous_2)
FNF:3
FNH:2
FNDA:1,(anonymous_0)
FNDA:0,(anonymous_1)
FNDA:2,(anonymous_2)
DA:1,1
DA:4,1
DA:6,0
DA:10,1
DA:12,2
DA:13,1
DA:16,2
DA:21,1
LF:8
LH:7
BRDA:12,0,0,1
BRDA:12,0,1,1
BRF:2
BRH:2
end_of_record
TN:
SF:src/schema/user_schema.js
FNF:0
FNH:0
DA:1,0
DA:12,0
LF:2
LH:0
BRF:0
BRH:0
end_of_record
TN:
SF:src/settings/axios_settings.js
FN:10,(anonymous_0)
FN:13,(anonymous_1)
FNF:2
FNH:0
FNDA:0,(anonymous_0)
FNDA:0,(anonymous_1)
DA:1,2
DA:2,2
DA:4,2
DA:8,2
DA:11,0
DA:14,0
DA:18,2
LF:7
LH:5
BRF:0
BRH:0
end_of_record
TN:
SF:src/utils/obj.js
FN:1,(anonymous_0)
FNF:1
FNH:0
FNDA:0,(anonymous_0)
DA:1,1
DA:3,1
LF:2
LH:2
BRF:0
BRH:0
end_of_record
TN:
SF:src/utils/generators/user_data_generator.js
FNF:0
FNH:0
DA:1,1
DA:14,1
LF:2
LH:2
BRF:0
BRH:0
end_of_record
